<?xml version="1.0" encoding="UTF-8"?>
<testsuite name="unittest.ToDoUnitTest" tests="20" skipped="0" failures="0" errors="0" timestamp="2024-01-31T03:10:39" hostname="Omars-MacBook-Pro.local" time="0.76">
  <properties/>
  <testcase name="testGetOptionsId()" classname="unittest.ToDoUnitTest" time="0.034"/>
  <testcase name="testDeleteToDo()" classname="unittest.ToDoUnitTest" time="0.032"/>
  <testcase name="testGetToDoFakeId()" classname="unittest.ToDoUnitTest" time="0.041"/>
  <testcase name="testUpdateToDoPost()" classname="unittest.ToDoUnitTest" time="0.044"/>
  <testcase name="testGetAllToDosIdJson()" classname="unittest.ToDoUnitTest" time="0.034"/>
  <testcase name="testUpdateToDoPut()" classname="unittest.ToDoUnitTest" time="0.047"/>
  <testcase name="testGetAllToDoHeaders()" classname="unittest.ToDoUnitTest" time="0.031"/>
  <testcase name="testGetAllToDosIdXml()" classname="unittest.ToDoUnitTest" time="0.041"/>
  <testcase name="testGetToDoIDXml()" classname="unittest.ToDoUnitTest" time="0.057"/>
  <testcase name="testServer()" classname="unittest.ToDoUnitTest" time="0.021"/>
  <testcase name="testGetAllNotDoneToDo()" classname="unittest.ToDoUnitTest" time="0.036"/>
  <testcase name="testCreateToDoJson()" classname="unittest.ToDoUnitTest" time="0.054"/>
  <testcase name="testGetToDoIDJson()" classname="unittest.ToDoUnitTest" time="0.03"/>
  <testcase name="testGetAllToDoOptions()" classname="unittest.ToDoUnitTest" time="0.032"/>
  <testcase name="testCreateToDoMalformedPayloadXml()" classname="unittest.ToDoUnitTest" time="0.027"/>
  <testcase name="testPatchToDoID()" classname="unittest.ToDoUnitTest" time="0.036"/>
  <testcase name="testUpdateToDoPutNoTitle()" classname="unittest.ToDoUnitTest" time="0.038"/>
  <testcase name="testCreateToDoXml()" classname="unittest.ToDoUnitTest" time="0.035"/>
  <testcase name="testGetToDoHeaderId()" classname="unittest.ToDoUnitTest" time="0.032"/>
  <testcase name="testCreateToDoMalformedPayloadJson()" classname="unittest.ToDoUnitTest" time="0.041"/>
  <system-out><![CDATA[]]></system-out>
  <system-err><![CDATA[]]></system-err>
</testsuite>
